{
  "RSpec": {
    "coverage": {
      "/Users/nicholas/GitHub/chahan/spec/controllers/bookings_controller_spec.rb": [
        1,
        null,
        0,
        0,
        0,
        0,
        null,
        null,
        0,
        0,
        0,
        null,
        null,
        null,
        0,
        null,
        0,
        0,
        null,
        null,
        null,
        null,
        null,
        null,
        null,
        null,
        0,
        null,
        null,
        null,
        null,
        null,
        null,
        null,
        null,
        null,
        0,
        0,
        0,
        0,
        null,
        null,
        0,
        0,
        0,
        0,
        null,
        0,
        null,
        null,
        null
      ],
      "/Users/nicholas/GitHub/chahan/spec/rails_helper.rb": [
        null,
        1,
        1,
        1,
        null,
        0,
        0,
        null,
        0,
        null,
        null,
        null,
        null,
        null,
        null,
        null,
        null,
        null,
        null,
        null,
        null,
        null,
        null,
        null,
        null,
        null,
        null,
        null,
        0,
        null,
        0,
        0,
        null,
        0,
        0,
        null,
        0,
        null,
        null,
        null,
        null,
        0,
        null,
        null,
        null,
        null,
        null,
        null,
        null,
        null,
        null,
        null,
        null,
        null,
        null,
        null,
        0,
        null,
        null,
        0,
        null,
        null,
        null,
        null,
        0,
        0,
        null,
        0,
        null,
        null,
        null,
        null,
        null,
        null,
        null,
        null,
        0,
        null,
        null
      ],
      "/Users/nicholas/GitHub/chahan/config/environment.rb": [
        null,
        1,
        null,
        null,
        1
      ],
      "/Users/nicholas/GitHub/chahan/config/application.rb": [
        1,
        null,
        1,
        null,
        null,
        null,
        1,
        null,
        1,
        1,
        null,
        1,
        null,
        1,
        1,
        1,
        1,
        null,
        null,
        null,
        null,
        null,
        null,
        null,
        null,
        null
      ],
      "/Users/nicholas/GitHub/chahan/config/boot.rb": [
        1,
        null,
        1,
        1
      ],
      "/Users/nicholas/GitHub/chahan/config/environments/test.rb": [
        null,
        null,
        null,
        null,
        null,
        1,
        null,
        null,
        1,
        null,
        null,
        null,
        null,
        1,
        null,
        null,
        1,
        1,
        null,
        null,
        null,
        null,
        1,
        1,
        1,
        null,
        null,
        1,
        null,
        null,
        1,
        null,
        null,
        1,
        null,
        1,
        null,
        null,
        null,
        null,
        1,
        null,
        null,
        1,
        null,
        null,
        null,
        null
      ],
      "/Users/nicholas/GitHub/chahan/config/initializers/application_controller_renderer.rb": [
        null,
        null,
        null,
        null,
        null,
        null,
        null,
        null
      ],
      "/Users/nicholas/GitHub/chahan/config/initializers/assets.rb": [
        null,
        null,
        null,
        1,
        null,
        null,
        null,
        null,
        1,
        null,
        null,
        null,
        null,
        null
      ],
      "/Users/nicholas/GitHub/chahan/config/initializers/backtrace_silencers.rb": [
        null,
        null,
        null,
        null,
        null,
        null,
        null
      ],
      "/Users/nicholas/GitHub/chahan/config/initializers/content_security_policy.rb": [
        null,
        null,
        null,
        null,
        null,
        null,
        null,
        null,
        null,
        null,
        null,
        null,
        null,
        null,
        null,
        null,
        null,
        null,
        null,
        null,
        null,
        null,
        null,
        null,
        null,
        null,
        null,
        null,
        null,
        null
      ],
      "/Users/nicholas/GitHub/chahan/config/initializers/cookies_serializer.rb": [
        null,
        null,
        null,
        null,
        1
      ],
      "/Users/nicholas/GitHub/chahan/config/initializers/devise.rb": [
        null,
        null,
        null,
        null,
        1,
        null,
        null,
        null,
        null,
        null,
        null,
        null,
        null,
        null,
        null,
        null,
        null,
        null,
        null,
        null,
        1,
        null,
        null,
        null,
        null,
        null,
        null,
        null,
        null,
        null,
        null,
        null,
        1,
        null,
        null,
        null,
        null,
        null,
        null,
        null,
        null,
        null,
        1,
        null,
        null,
        null,
        null,
        null,
        null,
        null,
        null,
        null,
        null,
        null,
        1,
        null,
        null,
        null,
        null,
        1,
        null,
        null,
        null,
        null,
        null,
        null,
        null,
        null,
        null,
        null,
        null,
        null,
        null,
        null,
        null,
        null,
        null,
        null,
        null,
        null,
        null,
        null,
        null,
        null,
        null,
        null,
        null,
        null,
        null,
        null,
        1,
        null,
        null,
        null,
        null,
        null,
        null,
        null,
        null,
        null,
        null,
        null,
        null,
        null,
        null,
        null,
        null,
        null,
        null,
        null,
        null,
        null,
        null,
        1,
        null,
        null,
        null,
        null,
        null,
        null,
        null,
        null,
        null,
        null,
        null,
        null,
        null,
        null,
        null,
        null,
        null,
        null,
        null,
        null,
        null,
        null,
        null,
        null,
        null,
        null,
        null,
        null,
        null,
        null,
        null,
        null,
        null,
        1,
        null,
        null,
        null,
        null,
        null,
        null,
        null,
        null,
        null,
        1,
        null,
        null,
        null,
        null,
        null,
        null,
        null,
        null,
        null,
        null,
        1,
        null,
        null,
        null,
        null,
        1,
        null,
        null,
        null,
        null,
        null,
        null,
        null,
        null,
        null,
        null,
        null,
        null,
        null,
        null,
        null,
        null,
        null,
        null,
        null,
        null,
        null,
        null,
        null,
        null,
        null,
        null,
        null,
        null,
        null,
        null,
        null,
        null,
        null,
        null,
        null,
        null,
        null,
        null,
        null,
        null,
        1,
        null,
        null,
        null,
        null,
        null,
        null,
        null,
        null,
        null,
        null,
        null,
        null,
        null,
        null,
        null,
        null,
        null,
        null,
        null,
        null,
        null,
        null,
        null,
        null,
        null,
        null,
        null,
        null,
        null,
        null,
        null,
        null,
        null,
        null,
        null,
        null,
        null,
        null,
        null,
        null,
        null,
        1,
        null,
        null,
        null,
        null,
        null,
        null,
        null,
        null,
        null,
        null,
        null,
        null,
        null,
        null,
        null,
        null,
        null,
        null,
        null,
        null,
        null,
        null,
        null,
        null,
        null,
        null,
        null,
        null,
        null,
        null,
        null,
        null,
        null,
        null,
        null,
        null,
        null,
        null,
        null,
        null,
        null,
        null
      ],
      "/Users/nicholas/GitHub/chahan/config/initializers/filter_parameter_logging.rb": [
        null,
        null,
        null,
        1
      ],
      "/Users/nicholas/GitHub/chahan/config/initializers/inflections.rb": [
        null,
        null,
        null,
        null,
        null,
        null,
        null,
        null,
        null,
        null,
        null,
        null,
        null,
        null,
        null,
        null
      ],
      "/Users/nicholas/GitHub/chahan/config/initializers/mime_types.rb": [
        null,
        null,
        null,
        null
      ],
      "/Users/nicholas/GitHub/chahan/config/initializers/wrap_parameters.rb": [
        null,
        null,
        null,
        null,
        null,
        null,
        1,
        0,
        null,
        null,
        null,
        null,
        null,
        null
      ],
      "/Users/nicholas/GitHub/chahan/spec/factories/bookings.rb": [
        null,
        null,
        null,
        null,
        null,
        null,
        null,
        null,
        null,
        null,
        null,
        null,
        null,
        null,
        null,
        null,
        1,
        1,
        1,
        1,
        1,
        1,
        1,
        1,
        1,
        null,
        null,
        null
      ],
      "/Users/nicholas/GitHub/chahan/spec/factories/users.rb": [
        1,
        1,
        1,
        1,
        1,
        null,
        null
      ],
      "/Users/nicholas/GitHub/chahan/config/routes.rb": [
        1,
        1,
        null,
        0,
        null,
        0,
        null
      ],
      "/Users/nicholas/GitHub/chahan/app/models/user.rb": [
        1,
        null,
        null,
        0,
        null,
        null
      ],
      "/Users/nicholas/GitHub/chahan/app/models/application_record.rb": [
        1,
        1,
        null
      ],
      "/Users/nicholas/GitHub/chahan/spec/models/booking_spec.rb": [
        null,
        null,
        null,
        null,
        null,
        null,
        null,
        null,
        null,
        null,
        null,
        null,
        null,
        null,
        null,
        null,
        1,
        1,
        1,
        1,
        1,
        1,
        1,
        null
      ],
      "/Users/nicholas/GitHub/chahan/app/models/booking.rb": [
        null,
        null,
        null,
        null,
        null,
        null,
        null,
        null,
        null,
        null,
        null,
        null,
        null,
        null,
        null,
        null,
        1,
        null,
        1,
        1,
        null,
        1,
        1,
        null,
        1,
        1,
        1,
        1,
        1,
        1,
        null
      ],
      "/Users/nicholas/GitHub/chahan/spec/models/user_spec.rb": [
        1,
        null,
        0,
        0,
        null
      ]
    },
    "timestamp": 1580311410
  }
}
